Microsoft (R) Macro Assembler Version 14.44.35222.0	    04/10/26 15:00:28
221prj04lvillafania1.asm				     Page 1 - 1


				; CSC 221 Project 04
				; Description: A project that reads a string from the user one character at a time,
				; classifies each character based on its ASCII value, and displays info about the
				; character while maintaining and displaying totals for each category
				; Author: 
				; Creation Date: 8 April 2026

				include irvine32.inc
			      C ; Include file for Irvine32.lib             (Irvine32.inc)
			      C 
			      C ;OPTION CASEMAP:NONE		; optional: make identifiers case-sensitive
			      C 
			      C INCLUDE SmallWin.inc		; MS-Windows prototypes, structures, and constants
			      C .NOLIST
			      C .LIST
			      C 
			      C INCLUDE VirtualKeys.inc
			      C ; VirtualKeys.inc
			      C .NOLIST
			      C .LIST
			      C 
			      C 
			      C .NOLIST
			      C .LIST
			      C 
				;----------------------------------------------------------------------------------------------------------------- Declarations
 00000000			.data
					; General data declarations
 = 00000080				MAX = 128
 00000000 45 6E 74 65 72		prompt BYTE "Enter a string of characters: ", 0
	   20 61 20 73 74
	   72 69 6E 67 20
	   6F 66 20 63 68
	   61 72 61 63 74
	   65 72 73 3A 20
	   00
 0000001F  00000080 [			buffer BYTE MAX DUP (0), 0
	    00
	   ] 00
 000000A0 20 3A 20 00			separator BYTE " : ", 0
 000000A4 20 20 20 3A 3A		separator2 BYTE "   ::= ", 0
	   3D 20 00
 000000AC 28 53 70 61 63		spaceCat BYTE "(Space)", 0
	   65 29 00
 000000B4 28 54 61 62 29		tabCat BYTE "(Tab)", 0
	   00
 000000BA 28 44 65 6C 29		delCat BYTE "(Del)", 0
	   00

					; Category variables for display
 000000C0 43 68 61 72 61		totalsTitle BYTE "Character Classification Totals: ", 0
	   63 74 65 72 20
	   43 6C 61 73 73
	   69 66 69 63 61
	   74 69 6F 6E 20
	   54 6F 74 61 6C
	   73 3A 20 00
 000000E2 20 43 6F 6E 74		controlChar BYTE " Control", 0
	   72 6F 6C 00
 000000EB 20 44 69 67 69		digChar BYTE " Digit", 0
	   74 00
 000000F2 20 44 45 4C 00		delChar BYTE " DEL", 0
 000000F7 20 4C 6F 77 65		lowChar	BYTE " Lowercase", 0
	   72 63 61 73 65
	   00
 00000102 20 50 75 6E 63		puncChar BYTE " Punctuation", 0
	   74 75 61 74 69
	   6F 6E 00
 0000010F 20 55 70 70 65		upChar	BYTE " Uppercase", 0
	   72 63 61 73 65
	   00

					; Counters for each category
 0000011A 00000000			ctrlCount DWORD 0
 0000011E 00000000			digCount DWORD 0
 00000122 00000000			delCount DWORD 0
 00000126 00000000			lowCount DWORD 0
 0000012A 00000000			puncCount DWORD 0
 0000012E 00000000			upCount DWORD 0

					; Total Messages for each category
 00000132 43 6F 6E 74 72		msgControl BYTE "Control: ", 0
	   6F 6C 3A 20 00
 0000013C 44 69 67 69 74		msgDigit BYTE "Digits: ", 0
	   73 3A 20 00
 00000145 44 45 4C 3A 20		msgDel BYTE "DEL: ", 0
	   00
 0000014B 4C 6F 77 65 72		msgLower BYTE "Lowercase: ", 0
	   63 61 73 65 3A
	   20 00
 00000157 50 75 6E 63 74		msgPunc BYTE "Punctuation: ", 0
	   75 61 74 69 6F
	   6E 3A 20 00
 00000165 55 70 70 65 72		msgUpper BYTE "Uppercase: ", 0
	   63 61 73 65 3A
	   20 00

					; Special Character Labels
 00000171 28 53 70 61 63		spaceLabel BYTE "(Space)", 0
	   65 29 00
 00000179 28 54 61 62 29		tabLabel BYTE "(Tab)", 0
	   00
 0000017F 28 44 65 6C 29		delLabel BYTE "(Del)", 0
	   00

 00000000			.code
				;----------------------------------------------------------------------------------------------------------------- Main Procedure
				; Main = control program flow

 00000000			main PROC
 00000000  E8 000000B8			call GetInput

					; Move the length of the string into ECX for iteration
 00000005  8B C8			mov ecx, eax				
 00000007  E8 000000CB			call LoopThrough

					; Display totals for each category
 0000000C  E8 00000000 E		call Crlf
 00000011  BA 000000C0 R		mov edx, OFFSET totalsTitle
 00000016  E8 00000000 E		call WriteString
 0000001B  E8 00000000 E		call Crlf

 00000020  BA 00000132 R		mov edx, OFFSET msgControl	
 00000025  E8 00000000 E		call WriteString
 0000002A  A1 0000011A R		mov eax, ctrlCount
 0000002F  E8 00000000 E		call WriteDec
 00000034  E8 00000000 E		call Crlf

 00000039  BA 0000013C R		mov edx, OFFSET msgDigit
 0000003E  E8 00000000 E		call WriteString
 00000043  A1 0000011E R		mov eax, digCount
 00000048  E8 00000000 E		call WriteDec
 0000004D  E8 00000000 E		call Crlf

 00000052  BA 00000145 R		mov edx, OFFSET msgDel
 00000057  E8 00000000 E		call WriteString
 0000005C  A1 00000122 R		mov eax, delCount
 00000061  E8 00000000 E		call WriteDec
 00000066  E8 00000000 E		call Crlf

 0000006B  BA 0000014B R		mov edx, OFFSET msgLower
 00000070  E8 00000000 E		call WriteString
 00000075  A1 00000126 R		mov eax, lowCount
 0000007A  E8 00000000 E		call WriteDec
 0000007F  E8 00000000 E		call Crlf

 00000084  BA 00000157 R		mov edx, OFFSET msgPunc
 00000089  E8 00000000 E		call WriteString
 0000008E  A1 0000012A R		mov eax, puncCount
 00000093  E8 00000000 E		call WriteDec
 00000098  E8 00000000 E		call Crlf

 0000009D  BA 00000165 R		mov edx, OFFSET msgUpper
 000000A2  E8 00000000 E		call WriteString
 000000A7  A1 0000012E R		mov eax, upCount
 000000AC  E8 00000000 E		call WriteDec
 000000B1  E8 00000000 E		call Crlf
				exit
 000000B6  6A 00	   *	    push   +000000000h
 000000B8  E8 00000000 E   *	    call   ExitProcess

 000000BD			main ENDP
				;----------------------------------------------------------------------------------------------------------------- GetInput Procedure
				; Description: The GetInput procedure prompts the user for input and reads a string into the buffer. It also 
				; returns the length of the string in EAX for later use in iteration.
				; Received: None
				; Returns: EAX = length of the input string
				; Requires: None

 000000BD			GetInput PROC
 000000BD  BA 00000000 R		mov edx, OFFSET prompt
 000000C2  E8 00000000 E		call WriteString
 000000C7  BA 0000001F R		mov edx, OFFSET buffer
 000000CC  B9 0000007F			mov ecx, MAX - 1
 000000D1  E8 00000000 E		call ReadString

					; Testing Del key because ReadString does not capture it
					; mov BYTE PTR [buffer], 127

 000000D6  C3				ret
 000000D7			GetInput ENDP
				;----------------------------------------------------------------------------------------------------------------- LoopThrough Procedure
				; Description: LoopThrough procedure takes the length of the string in ECX and iterates through each character in 
				; the buffer. It classifies each character, displays its ASCII value, and updates category totals.
				; Received: ECX = length of the input string
				; Returns: None
				; Requires: EAX = current character, ESI = pointer to current character in buffer

 000000D7			LoopThrough PROC USES eax ecx edx esi
 000000D7  50		   *	    push   eax
 000000D8  51		   *	    push   ecx
 000000D9  52		   *	    push   edx
 000000DA  56		   *	    push   esi
 000000DB  83 F9 00			cmp ecx, 0					; If the length of the string is zero, skip the loop
 000000DE  74 67			je EndLoop
 000000E0  BE 0000001F R		mov esi, OFFSET buffer		; Load the address of the buffer into ESI for iteration

 000000E5			NextChar:
 000000E5  B8 00000000			mov eax, 0					; Clear EAX to use for character classification
 000000EA  8A 06			mov al, BYTE PTR [esi]		; Load the current character into AL

					; Handle special characters (space, tab, DEL) with specific labels
 000000EC  3C 20			cmp al, 32					; Check if the character is a space (ASCII 32)
 000000EE  74 0F			je PrintSpaceLabel

 000000F0  3C 09			cmp al, 9					; Check if the character is a tab (ASCII 9)
 000000F2  74 17			je PrintTabLabel

 000000F4  3C 7F			cmp al, 127					; Check if the character is a DEL (ASCII 127)
 000000F6  74 1F			je PrintDelLabel

					; For all other characters, proceed with normal classification and display
 000000F8  E8 00000000 E		call WriteChar
 000000FD  EB 22			jmp ContinueLoop

				; Print labels for special characters
 000000FF			PrintSpaceLabel:
 000000FF  BA 00000171 R		mov edx, OFFSET spaceLabel
 00000104  E8 00000000 E		call WriteString
 00000109  EB 16			jmp ContinueLoop

 0000010B			PrintTabLabel:
 0000010B  BA 00000179 R		mov edx, OFFSET tabLabel
 00000110  E8 00000000 E		call WriteString
 00000115  EB 0A			jmp ContinueLoop

 00000117			PrintDelLabel:
 00000117  BA 0000017F R		mov edx, OFFSET delLabel
 0000011C  E8 00000000 E		call WriteString

				; Continues loop for normal characters
 00000121			ContinueLoop:
 00000121  BA 000000A0 R		mov edx, OFFSET separator	; Display the separator
 00000126  E8 00000000 E		call WriteString
 0000012B  E8 00000000 E		call WriteDec				; Display the ASCII value of the character
 00000130  BA 000000A4 R		mov edx, OFFSET separator2	; Display the second separator
 00000135  E8 00000000 E		call WriteString
 0000013A  E8 0000000D			call Categorize				; Call the Categorize procedure to classify the character and update totals
 0000013F  E8 00000000 E		call Crlf					
 00000144  46				inc esi						; Move to the next character
 00000145  E2 9E			loop NextChar				; Loop until ECX is zero
 00000147			EndLoop:
					ret
 00000147  5E		   *	    pop    esi
 00000148  5A		   *	    pop    edx
 00000149  59		   *	    pop    ecx
 0000014A  58		   *	    pop    eax
 0000014B  C3		   *	    ret    00000h
 0000014C			LoopThrough ENDP
				;----------------------------------------------------------------------------------------------------------------- Categorize Procedure
				; Description: The Categorize procedure takes the current character in AL, classifies it based on its ASCII value, 
				; updates the appropriate category total, and displays the category name.
				; Received: AL = current character
				; Returns: None
				; Requires: EDX = pointer to category string for display

 0000014C			Categorize PROC USES edx
 0000014C  52		   *	    push   edx
 0000014D  3C 1F			cmp al, 31				; Check if the character is a control character (ASCII 0-31)
 0000014F  76 22			jbe isControlChar

 00000151  3C 2F			cmp al, 47				; Check if the character is a punctuation (ASCII 32-47)
 00000153  76 52			jbe isPuncChar

 00000155  3C 39			cmp al, 57				; Check if the character is a digit (ASCII 48-57)
 00000157  76 27			jbe isDigChar

 00000159  3C 40			cmp al, 64				; Check if the character is a punctuation (ASCII 58-64)
 0000015B  76 4A			jbe isPuncChar

 0000015D  3C 5A			cmp al, 90				; Check if the character is an uppercase letter (ASCII 65-90)
 0000015F  76 53			jbe isUpChar

 00000161  3C 60			cmp al, 96				; Check if the character is a punctuation (ASCII 91-96)
 00000163  76 42			jbe isPuncChar

 00000165  3C 7A			cmp al, 122				; Check if the character is a lowercase letter (ASCII 97-122)
 00000167  76 31			jbe isLowChar

 00000169  3C 7E			cmp al, 126				; Check if the character is a punctuation (ASCII 123-126)
 0000016B  76 3A			jbe isPuncChar

 0000016D  3C 7F			cmp al, 127				; Check if the character is a DEL character (ASCII 127)
 0000016F  74 1C			je isDelChar

 00000171  EB 53			jmp EndCategorize		; If the character does not fit any category, skip to the end

				; Category Labels
				; Each label moves the appropriate category string into EDX and jumps to PrintCategory to display it

 00000173			isControlChar:
 00000173  FF 05 0000011A R		inc ctrlCount						; Increment control character count
 00000179  BA 000000E2 R		mov edx, OFFSET controlChar			; Move the control character category string into EDX for display
 0000017E  EB 41			jmp PrintCategory					; Jump to PrintCategory to display the category name

 00000180			isDigChar:								
 00000180  FF 05 0000011E R		inc digCount						
 00000186  BA 000000EB R		mov edx, OFFSET digChar
 0000018B  EB 34			jmp PrintCategory

 0000018D			isDelChar:
 0000018D  FF 05 00000122 R		inc delCount
 00000193  BA 000000F2 R		mov edx, OFFSET delChar
 00000198  EB 27			jmp PrintCategory

 0000019A			isLowChar:
 0000019A  FF 05 00000126 R		inc lowCount
 000001A0  BA 000000F7 R		mov edx, OFFSET lowChar
 000001A5  EB 1A			jmp PrintCategory

 000001A7			isPuncChar:
 000001A7  FF 05 0000012A R		inc puncCount
 000001AD  BA 00000102 R		mov edx, OFFSET puncChar
 000001B2  EB 0D			jmp PrintCategory

 000001B4			isUpChar:
 000001B4  FF 05 0000012E R		inc upCount
 000001BA  BA 0000010F R		mov edx, OFFSET upChar
 000001BF  EB 00			jmp PrintCategory

 000001C1			PrintCategory:
 000001C1  E8 00000000 E		call WriteString			

 000001C6			EndCategorize:
					ret
 000001C6  5A		   *	    pop    edx
 000001C7  C3		   *	    ret    00000h
 000001C8			Categorize ENDP
				;-----------------------------------------------------------------------------------------------------------------
				END main

				; AI Critique Review:
				; 
Microsoft (R) Macro Assembler Version 14.44.35222.0	    04/10/26 15:00:28
221prj04lvillafania1.asm				     Symbols 2 - 1




Structures and Unions:

                N a m e                  Size
                                         Offset      Type

CONSOLE_CURSOR_INFO  . . . . . .	 00000008
  dwSize . . . . . . . . . . . .	 00000000	 DWord
  bVisible . . . . . . . . . . .	 00000004	 DWord
CONSOLE_SCREEN_BUFFER_INFO . . .	 00000016
  dwSize . . . . . . . . . . . .	 00000000	 DWord
  dwCursorPosition . . . . . . .	 00000004	 DWord
  wAttributes  . . . . . . . . .	 00000008	 Word
  srWindow . . . . . . . . . . .	 0000000A	 QWord
  dwMaximumWindowSize  . . . . .	 00000012	 DWord
COORD  . . . . . . . . . . . . .	 00000004
  X  . . . . . . . . . . . . . .	 00000000	 Word
  Y  . . . . . . . . . . . . . .	 00000002	 Word
FILETIME . . . . . . . . . . . .	 00000008
  loDateTime . . . . . . . . . .	 00000000	 DWord
  hiDateTime . . . . . . . . . .	 00000004	 DWord
FOCUS_EVENT_RECORD . . . . . . .	 00000004
  bSetFocus  . . . . . . . . . .	 00000000	 DWord
FPU_ENVIRON  . . . . . . . . . .	 0000001C
  controlWord  . . . . . . . . .	 00000000	 Word
  statusWord . . . . . . . . . .	 00000004	 Word
  tagWord  . . . . . . . . . . .	 00000008	 Word
  instrPointerOffset . . . . . .	 0000000C	 DWord
  instrPointerSelector . . . . .	 00000010	 DWord
  operandPointerOffset . . . . .	 00000014	 DWord
  operandPointerSelector . . . .	 00000018	 Word
INPUT_RECORD . . . . . . . . . .	 00000014
  EventType  . . . . . . . . . .	 00000000	 Word
  Event  . . . . . . . . . . . .	 00000004	 XmmWord
  bKeyDown . . . . . . . . . . .	 00000000	 DWord
  wRepeatCount . . . . . . . . .	 00000004	 Word
  wVirtualKeyCode  . . . . . . .	 00000006	 Word
  wVirtualScanCode . . . . . . .	 00000008	 Word
  uChar  . . . . . . . . . . . .	 0000000A	 Word
  UnicodeChar  . . . . . . . . .	 00000000	 Word
  AsciiChar  . . . . . . . . . .	 00000000	 Byte
  dwControlKeyState  . . . . . .	 0000000C	 DWord
  dwMousePosition  . . . . . . .	 00000000	 DWord
  dwButtonState  . . . . . . . .	 00000004	 DWord
  dwMouseControlKeyState . . . .	 00000008	 DWord
  dwEventFlags . . . . . . . . .	 0000000C	 DWord
  dwSize . . . . . . . . . . . .	 00000000	 DWord
  dwCommandId  . . . . . . . . .	 00000000	 DWord
  bSetFocus  . . . . . . . . . .	 00000000	 DWord
KEY_EVENT_RECORD . . . . . . . .	 00000010
  bKeyDown . . . . . . . . . . .	 00000000	 DWord
  wRepeatCount . . . . . . . . .	 00000004	 Word
  wVirtualKeyCode  . . . . . . .	 00000006	 Word
  wVirtualScanCode . . . . . . .	 00000008	 Word
  uChar  . . . . . . . . . . . .	 0000000A	 Word
  UnicodeChar  . . . . . . . . .	 00000000	 Word
  AsciiChar  . . . . . . . . . .	 00000000	 Byte
  dwControlKeyState  . . . . . .	 0000000C	 DWord
MENU_EVENT_RECORD  . . . . . . .	 00000004
  dwCommandId  . . . . . . . . .	 00000000	 DWord
MOUSE_EVENT_RECORD . . . . . . .	 00000010
  dwMousePosition  . . . . . . .	 00000000	 DWord
  dwButtonState  . . . . . . . .	 00000004	 DWord
  dwMouseControlKeyState . . . .	 00000008	 DWord
  dwEventFlags . . . . . . . . .	 0000000C	 DWord
SMALL_RECT . . . . . . . . . . .	 00000008
  Left . . . . . . . . . . . . .	 00000000	 Word
  Top  . . . . . . . . . . . . .	 00000002	 Word
  Right  . . . . . . . . . . . .	 00000004	 Word
  Bottom . . . . . . . . . . . .	 00000006	 Word
SYSTEMTIME . . . . . . . . . . .	 00000010
  wYear  . . . . . . . . . . . .	 00000000	 Word
  wMonth . . . . . . . . . . . .	 00000002	 Word
  wDayOfWeek . . . . . . . . . .	 00000004	 Word
  wDay . . . . . . . . . . . . .	 00000006	 Word
  wHour  . . . . . . . . . . . .	 00000008	 Word
  wMinute  . . . . . . . . . . .	 0000000A	 Word
  wSecond  . . . . . . . . . . .	 0000000C	 Word
  wMilliseconds  . . . . . . . .	 0000000E	 Word
WINDOW_BUFFER_SIZE_RECORD  . . .	 00000004
  dwSize . . . . . . . . . . . .	 00000000	 DWord


Segments and Groups:

                N a m e                 Size     Length   Align   Combine Class

FLAT . . . . . . . . . . . . . .	GROUP
STACK  . . . . . . . . . . . . .	32 Bit	 00001000 Para	  Stack	  'STACK'	 
_DATA  . . . . . . . . . . . . .	32 Bit	 00000185 Para	  Public  'DATA'	
_TEXT  . . . . . . . . . . . . .	32 Bit	 000001C8 Para	  Public  'CODE'	


Procedures, parameters, and locals:

                N a m e                 Type     Value    Attr

Categorize . . . . . . . . . . .	P Near	 0000014C _TEXT	Length= 0000007C Public STDCALL
  isControlChar  . . . . . . . .	L Near	 00000173 _TEXT	
  isDigChar  . . . . . . . . . .	L Near	 00000180 _TEXT	
  isDelChar  . . . . . . . . . .	L Near	 0000018D _TEXT	
  isLowChar  . . . . . . . . . .	L Near	 0000019A _TEXT	
  isPuncChar . . . . . . . . . .	L Near	 000001A7 _TEXT	
  isUpChar . . . . . . . . . . .	L Near	 000001B4 _TEXT	
  PrintCategory  . . . . . . . .	L Near	 000001C1 _TEXT	
  EndCategorize  . . . . . . . .	L Near	 000001C6 _TEXT	
CloseFile  . . . . . . . . . . .	P Near	 00000000 FLAT	Length= 00000000 External STDCALL
CloseHandle  . . . . . . . . . .	P Near	 00000000 FLAT	Length= 00000000 External STDCALL
Clrscr . . . . . . . . . . . . .	P Near	 00000000 FLAT	Length= 00000000 External STDCALL
CreateFileA  . . . . . . . . . .	P Near	 00000000 FLAT	Length= 00000000 External STDCALL
CreateOutputFile . . . . . . . .	P Near	 00000000 FLAT	Length= 00000000 External STDCALL
Crlf . . . . . . . . . . . . . .	P Near	 00000000 FLAT	Length= 00000000 External STDCALL
Delay  . . . . . . . . . . . . .	P Near	 00000000 FLAT	Length= 00000000 External STDCALL
DumpMem  . . . . . . . . . . . .	P Near	 00000000 FLAT	Length= 00000000 External STDCALL
DumpRegs . . . . . . . . . . . .	P Near	 00000000 FLAT	Length= 00000000 External STDCALL
ExitProcess  . . . . . . . . . .	P Near	 00000000 FLAT	Length= 00000000 External STDCALL
FileTimeToDosDateTime  . . . . .	P Near	 00000000 FLAT	Length= 00000000 External STDCALL
FileTimeToSystemTime . . . . . .	P Near	 00000000 FLAT	Length= 00000000 External STDCALL
FlushConsoleInputBuffer  . . . .	P Near	 00000000 FLAT	Length= 00000000 External STDCALL
FormatMessageA . . . . . . . . .	P Near	 00000000 FLAT	Length= 00000000 External STDCALL
GetCommandLineA  . . . . . . . .	P Near	 00000000 FLAT	Length= 00000000 External STDCALL
GetCommandTail . . . . . . . . .	P Near	 00000000 FLAT	Length= 00000000 External STDCALL
GetConsoleCP . . . . . . . . . .	P Near	 00000000 FLAT	Length= 00000000 External STDCALL
GetConsoleCursorInfo . . . . . .	P Near	 00000000 FLAT	Length= 00000000 External STDCALL
GetConsoleMode . . . . . . . . .	P Near	 00000000 FLAT	Length= 00000000 External STDCALL
GetConsoleScreenBufferInfo . . .	P Near	 00000000 FLAT	Length= 00000000 External STDCALL
GetDateTime  . . . . . . . . . .	P Near	 00000000 FLAT	Length= 00000000 External STDCALL
GetFileTime  . . . . . . . . . .	P Near	 00000000 FLAT	Length= 00000000 External STDCALL
GetInput . . . . . . . . . . . .	P Near	 000000BD _TEXT	Length= 0000001A Public STDCALL
GetKeyState  . . . . . . . . . .	P Near	 00000000 FLAT	Length= 00000000 External STDCALL
GetLastError . . . . . . . . . .	P Near	 00000000 FLAT	Length= 00000000 External STDCALL
GetLocalTime . . . . . . . . . .	P Near	 00000000 FLAT	Length= 00000000 External STDCALL
GetMaxXY . . . . . . . . . . . .	P Near	 00000000 FLAT	Length= 00000000 External STDCALL
GetMseconds  . . . . . . . . . .	P Near	 00000000 FLAT	Length= 00000000 External STDCALL
GetNumberOfConsoleInputEvents  .	P Near	 00000000 FLAT	Length= 00000000 External STDCALL
GetProcessHeap . . . . . . . . .	P Near	 00000000 FLAT	Length= 00000000 External STDCALL
GetStdHandle . . . . . . . . . .	P Near	 00000000 FLAT	Length= 00000000 External STDCALL
GetSystemTime  . . . . . . . . .	P Near	 00000000 FLAT	Length= 00000000 External STDCALL
GetTextColor . . . . . . . . . .	P Near	 00000000 FLAT	Length= 00000000 External STDCALL
GetTickCount . . . . . . . . . .	P Near	 00000000 FLAT	Length= 00000000 External STDCALL
Gotoxy . . . . . . . . . . . . .	P Near	 00000000 FLAT	Length= 00000000 External STDCALL
HeapAlloc  . . . . . . . . . . .	P Near	 00000000 FLAT	Length= 00000000 External STDCALL
HeapCreate . . . . . . . . . . .	P Near	 00000000 FLAT	Length= 00000000 External STDCALL
HeapDestroy  . . . . . . . . . .	P Near	 00000000 FLAT	Length= 00000000 External STDCALL
HeapFree . . . . . . . . . . . .	P Near	 00000000 FLAT	Length= 00000000 External STDCALL
HeapSize . . . . . . . . . . . .	P Near	 00000000 FLAT	Length= 00000000 External STDCALL
IsDigit  . . . . . . . . . . . .	P Near	 00000000 FLAT	Length= 00000000 External STDCALL
LocalFree  . . . . . . . . . . .	P Near	 00000000 FLAT	Length= 00000000 External STDCALL
LoopThrough  . . . . . . . . . .	P Near	 000000D7 _TEXT	Length= 00000075 Public STDCALL
  NextChar . . . . . . . . . . .	L Near	 000000E5 _TEXT	
  PrintSpaceLabel  . . . . . . .	L Near	 000000FF _TEXT	
  PrintTabLabel  . . . . . . . .	L Near	 0000010B _TEXT	
  PrintDelLabel  . . . . . . . .	L Near	 00000117 _TEXT	
  ContinueLoop . . . . . . . . .	L Near	 00000121 _TEXT	
  EndLoop  . . . . . . . . . . .	L Near	 00000147 _TEXT	
MessageBoxA  . . . . . . . . . .	P Near	 00000000 FLAT	Length= 00000000 External STDCALL
MsgBoxAsk  . . . . . . . . . . .	P Near	 00000000 FLAT	Length= 00000000 External STDCALL
MsgBox . . . . . . . . . . . . .	P Near	 00000000 FLAT	Length= 00000000 External STDCALL
OpenInputFile  . . . . . . . . .	P Near	 00000000 FLAT	Length= 00000000 External STDCALL
ParseDecimal32 . . . . . . . . .	P Near	 00000000 FLAT	Length= 00000000 External STDCALL
ParseInteger32 . . . . . . . . .	P Near	 00000000 FLAT	Length= 00000000 External STDCALL
PeekConsoleInputA  . . . . . . .	P Near	 00000000 FLAT	Length= 00000000 External STDCALL
Random32 . . . . . . . . . . . .	P Near	 00000000 FLAT	Length= 00000000 External STDCALL
RandomRange  . . . . . . . . . .	P Near	 00000000 FLAT	Length= 00000000 External STDCALL
Randomize  . . . . . . . . . . .	P Near	 00000000 FLAT	Length= 00000000 External STDCALL
ReadChar . . . . . . . . . . . .	P Near	 00000000 FLAT	Length= 00000000 External STDCALL
ReadConsoleA . . . . . . . . . .	P Near	 00000000 FLAT	Length= 00000000 External STDCALL
ReadConsoleInputA  . . . . . . .	P Near	 00000000 FLAT	Length= 00000000 External STDCALL
ReadDec  . . . . . . . . . . . .	P Near	 00000000 FLAT	Length= 00000000 External STDCALL
ReadFile . . . . . . . . . . . .	P Near	 00000000 FLAT	Length= 00000000 External STDCALL
ReadFloat  . . . . . . . . . . .	P Near	 00000000 FLAT	Length= 00000000 External STDCALL
ReadFromFile . . . . . . . . . .	P Near	 00000000 FLAT	Length= 00000000 External STDCALL
ReadHex  . . . . . . . . . . . .	P Near	 00000000 FLAT	Length= 00000000 External STDCALL
ReadInt  . . . . . . . . . . . .	P Near	 00000000 FLAT	Length= 00000000 External STDCALL
ReadKeyFlush . . . . . . . . . .	P Near	 00000000 FLAT	Length= 00000000 External STDCALL
ReadKey  . . . . . . . . . . . .	P Near	 00000000 FLAT	Length= 00000000 External STDCALL
ReadString . . . . . . . . . . .	P Near	 00000000 FLAT	Length= 00000000 External STDCALL
SetConsoleCursorInfo . . . . . .	P Near	 00000000 FLAT	Length= 00000000 External STDCALL
SetConsoleCursorPosition . . . .	P Near	 00000000 FLAT	Length= 00000000 External STDCALL
SetConsoleMode . . . . . . . . .	P Near	 00000000 FLAT	Length= 00000000 External STDCALL
SetConsoleScreenBufferSize . . .	P Near	 00000000 FLAT	Length= 00000000 External STDCALL
SetConsoleTextAttribute  . . . .	P Near	 00000000 FLAT	Length= 00000000 External STDCALL
SetConsoleTitleA . . . . . . . .	P Near	 00000000 FLAT	Length= 00000000 External STDCALL
SetConsoleWindowInfo . . . . . .	P Near	 00000000 FLAT	Length= 00000000 External STDCALL
SetFilePointer . . . . . . . . .	P Near	 00000000 FLAT	Length= 00000000 External STDCALL
SetLocalTime . . . . . . . . . .	P Near	 00000000 FLAT	Length= 00000000 External STDCALL
SetTextColor . . . . . . . . . .	P Near	 00000000 FLAT	Length= 00000000 External STDCALL
ShowFPUStack . . . . . . . . . .	P Near	 00000000 FLAT	Length= 00000000 External STDCALL
Sleep  . . . . . . . . . . . . .	P Near	 00000000 FLAT	Length= 00000000 External STDCALL
StrLength  . . . . . . . . . . .	P Near	 00000000 FLAT	Length= 00000000 External STDCALL
Str_compare  . . . . . . . . . .	P Near	 00000000 FLAT	Length= 00000000 External STDCALL
Str_copy . . . . . . . . . . . .	P Near	 00000000 FLAT	Length= 00000000 External STDCALL
Str_length . . . . . . . . . . .	P Near	 00000000 FLAT	Length= 00000000 External STDCALL
Str_trim . . . . . . . . . . . .	P Near	 00000000 FLAT	Length= 00000000 External STDCALL
Str_ucase  . . . . . . . . . . .	P Near	 00000000 FLAT	Length= 00000000 External STDCALL
SystemTimeToFileTime . . . . . .	P Near	 00000000 FLAT	Length= 00000000 External STDCALL
WaitMsg  . . . . . . . . . . . .	P Near	 00000000 FLAT	Length= 00000000 External STDCALL
WriteBinB  . . . . . . . . . . .	P Near	 00000000 FLAT	Length= 00000000 External STDCALL
WriteBin . . . . . . . . . . . .	P Near	 00000000 FLAT	Length= 00000000 External STDCALL
WriteChar  . . . . . . . . . . .	P Near	 00000000 FLAT	Length= 00000000 External STDCALL
WriteConsoleA  . . . . . . . . .	P Near	 00000000 FLAT	Length= 00000000 External STDCALL
WriteConsoleOutputAttribute  . .	P Near	 00000000 FLAT	Length= 00000000 External STDCALL
WriteConsoleOutputCharacterA . .	P Near	 00000000 FLAT	Length= 00000000 External STDCALL
WriteDec . . . . . . . . . . . .	P Near	 00000000 FLAT	Length= 00000000 External STDCALL
WriteFile  . . . . . . . . . . .	P Near	 00000000 FLAT	Length= 00000000 External STDCALL
WriteFloat . . . . . . . . . . .	P Near	 00000000 FLAT	Length= 00000000 External STDCALL
WriteHexB  . . . . . . . . . . .	P Near	 00000000 FLAT	Length= 00000000 External STDCALL
WriteHex . . . . . . . . . . . .	P Near	 00000000 FLAT	Length= 00000000 External STDCALL
WriteInt . . . . . . . . . . . .	P Near	 00000000 FLAT	Length= 00000000 External STDCALL
WriteStackFrameName  . . . . . .	P Near	 00000000 FLAT	Length= 00000000 External STDCALL
WriteStackFrame  . . . . . . . .	P Near	 00000000 FLAT	Length= 00000000 External STDCALL
WriteString  . . . . . . . . . .	P Near	 00000000 FLAT	Length= 00000000 External STDCALL
WriteToFile  . . . . . . . . . .	P Near	 00000000 FLAT	Length= 00000000 External STDCALL
WriteWindowsMsg  . . . . . . . .	P Near	 00000000 FLAT	Length= 00000000 External STDCALL
main . . . . . . . . . . . . . .	P Near	 00000000 _TEXT	Length= 000000BD Public STDCALL
printf . . . . . . . . . . . . .	P Near	 00000000 FLAT	Length= 00000000 External C
scanf  . . . . . . . . . . . . .	P Near	 00000000 FLAT	Length= 00000000 External C
wsprintfA  . . . . . . . . . . .	P Near	 00000000 FLAT	Length= 00000000 External C


Symbols:

                N a m e                 Type     Value    Attr

@CodeSize  . . . . . . . . . . .	Number	 00000000h   
@DataSize  . . . . . . . . . . .	Number	 00000000h   
@Interface . . . . . . . . . . .	Number	 00000003h   
@Model . . . . . . . . . . . . .	Number	 00000007h   
@code  . . . . . . . . . . . . .	Text   	 _TEXT
@data  . . . . . . . . . . . . .	Text   	 FLAT
@fardata?  . . . . . . . . . . .	Text   	 FLAT
@fardata . . . . . . . . . . . .	Text   	 FLAT
@stack . . . . . . . . . . . . .	Text   	 FLAT
ALT_MASK . . . . . . . . . . . .	Number	 00000003h   
CAPSLOCK_ON  . . . . . . . . . .	Number	 00000080h   
CREATE_ALWAYS  . . . . . . . . .	Number	 00000002h   
CREATE_NEW . . . . . . . . . . .	Number	 00000001h   
CTRL_MASK  . . . . . . . . . . .	Number	 0000000Ch   
CreateFile . . . . . . . . . . .	Text   	 CreateFileA
DO_NOT_SHARE . . . . . . . . . .	Number	 00000000h   
ENABLE_ECHO_INPUT  . . . . . . .	Number	 00000004h   
ENABLE_LINE_INPUT  . . . . . . .	Number	 00000002h   
ENABLE_MOUSE_INPUT . . . . . . .	Number	 00000010h   
ENABLE_PROCESSED_INPUT . . . . .	Number	 00000001h   
ENABLE_PROCESSED_OUTPUT  . . . .	Number	 00000001h   
ENABLE_WINDOW_INPUT  . . . . . .	Number	 00000008h   
ENABLE_WRAP_AT_EOL_OUTPUT  . . .	Number	 00000002h   
ENHANCED_KEY . . . . . . . . . .	Number	 00000100h   
FALSE  . . . . . . . . . . . . .	Number	 00000000h   
FILE_APPEND_DATA . . . . . . . .	Number	 00000004h   
FILE_ATTRIBUTE_ARCHIVE . . . . .	Number	 00000020h   
FILE_ATTRIBUTE_COMPRESSED  . . .	Number	 00000800h   
FILE_ATTRIBUTE_DEVICE  . . . . .	Number	 00000040h   
FILE_ATTRIBUTE_DIRECTORY . . . .	Number	 00000010h   
FILE_ATTRIBUTE_ENCRYPTED . . . .	Number	 00004000h   
FILE_ATTRIBUTE_HIDDEN  . . . . .	Number	 00000002h   
FILE_ATTRIBUTE_NORMAL  . . . . .	Number	 00000080h   
FILE_ATTRIBUTE_NOT_CONTENT_INDEXED .	Number	 00002000h   
FILE_ATTRIBUTE_OFFLINE . . . . .	Number	 00001000h   
FILE_ATTRIBUTE_READONLY  . . . .	Number	 00000001h   
FILE_ATTRIBUTE_REPARSE_POINT . .	Number	 00000400h   
FILE_ATTRIBUTE_SPARSE_FILE . . .	Number	 00000200h   
FILE_ATTRIBUTE_SYSTEM  . . . . .	Number	 00000004h   
FILE_ATTRIBUTE_TEMPORARY . . . .	Number	 00000100h   
FILE_BEGIN . . . . . . . . . . .	Number	 00000000h   
FILE_CURRENT . . . . . . . . . .	Number	 00000001h   
FILE_DELETE_CHILD  . . . . . . .	Number	 00000040h   
FILE_END . . . . . . . . . . . .	Number	 00000002h   
FILE_READ_DATA . . . . . . . . .	Number	 00000001h   
FILE_SHARE_DELETE  . . . . . . .	Number	 00000004h   
FILE_SHARE_READ  . . . . . . . .	Number	 00000001h   
FILE_SHARE_WRITE . . . . . . . .	Number	 00000002h   
FILE_WRITE_DATA  . . . . . . . .	Number	 00000002h   
FOCUS_EVENT  . . . . . . . . . .	Number	 00000010h   
FORMAT_MESSAGE_ALLOCATE_BUFFER .	Number	 00000100h   
FORMAT_MESSAGE_FROM_SYSTEM . . .	Number	 00001000h   
FormatMessage  . . . . . . . . .	Text   	 FormatMessageA
GENERIC_ALL  . . . . . . . . . .	Number	 10000000h   
GENERIC_EXECUTE  . . . . . . . .	Number	 20000000h   
GENERIC_READ . . . . . . . . . .	Number	 -80000000h   
GENERIC_WRITE  . . . . . . . . .	Number	 40000000h   
GetCommandLine . . . . . . . . .	Text   	 GetCommandLineA
HANDLE . . . . . . . . . . . . .	Text   	 DWORD
HEAP_GENERATE_EXCEPTIONS . . . .	Number	 00000004h   
HEAP_GROWABLE  . . . . . . . . .	Number	 00000002h   
HEAP_NO_SERIALIZE  . . . . . . .	Number	 00000001h   
HEAP_REALLOC_IN_PLACE_ONLY . . .	Number	 00000010h   
HEAP_ZERO_MEMORY . . . . . . . .	Number	 00000008h   
IDABORT  . . . . . . . . . . . .	Number	 00000003h   
IDCANCEL . . . . . . . . . . . .	Number	 00000002h   
IDCLOSE  . . . . . . . . . . . .	Number	 00000008h   
IDCONTINUE . . . . . . . . . . .	Number	 0000000Bh   
IDHELP . . . . . . . . . . . . .	Number	 00000009h   
IDIGNORE . . . . . . . . . . . .	Number	 00000005h   
IDNO . . . . . . . . . . . . . .	Number	 00000007h   
IDOK . . . . . . . . . . . . . .	Number	 00000001h   
IDRETRY  . . . . . . . . . . . .	Number	 00000004h   
IDTIMEOUT  . . . . . . . . . . .	Number	 00007D00h   
IDTRYAGAIN . . . . . . . . . . .	Number	 0000000Ah   
IDYES  . . . . . . . . . . . . .	Number	 00000006h   
INVALID_HANDLE_VALUE . . . . . .	Number	 -00000001h   
KBDOWN_FLAG  . . . . . . . . . .	Number	 00000001h   
KEY_EVENT  . . . . . . . . . . .	Number	 00000001h   
KEY_MASKS  . . . . . . . . . . .	Number	 0000001Fh   
LEFT_ALT_PRESSED . . . . . . . .	Number	 00000002h   
LEFT_CTRL_PRESSED  . . . . . . .	Number	 00000008h   
MAX  . . . . . . . . . . . . . .	Number	 00000080h   
MB_ABORTRETRYIGNORE  . . . . . .	Number	 00000002h   
MB_APPLMODAL . . . . . . . . . .	Number	 00000000h   
MB_CANCELTRYCONTINUE . . . . . .	Number	 00000006h   
MB_DEFBUTTON1  . . . . . . . . .	Number	 00000000h   
MB_DEFBUTTON2  . . . . . . . . .	Number	 00000100h   
MB_DEFBUTTON3  . . . . . . . . .	Number	 00000200h   
MB_DEFBUTTON4  . . . . . . . . .	Number	 00000300h   
MB_HELP  . . . . . . . . . . . .	Number	 00004000h   
MB_ICONASTERISK  . . . . . . . .	Number	 00000040h   
MB_ICONERROR . . . . . . . . . .	Number	 00000010h   
MB_ICONEXCLAMATION . . . . . . .	Number	 00000030h   
MB_ICONHAND  . . . . . . . . . .	Number	 00000010h   
MB_ICONINFORMATION . . . . . . .	Number	 00000040h   
MB_ICONQUESTION  . . . . . . . .	Number	 00000020h   
MB_ICONSTOP  . . . . . . . . . .	Number	 00000010h   
MB_ICONWARNING . . . . . . . . .	Number	 00000030h   
MB_OKCANCEL  . . . . . . . . . .	Number	 00000001h   
MB_OK  . . . . . . . . . . . . .	Number	 00000000h   
MB_RETRYCANCEL . . . . . . . . .	Number	 00000005h   
MB_SYSTEMMODAL . . . . . . . . .	Number	 00001000h   
MB_TASKMODAL . . . . . . . . . .	Number	 00002000h   
MB_USERICON  . . . . . . . . . .	Number	 00000080h   
MB_YESNOCANCEL . . . . . . . . .	Number	 00000003h   
MB_YESNO . . . . . . . . . . . .	Number	 00000004h   
MENU_EVENT . . . . . . . . . . .	Number	 00000008h   
MOUSE_EVENT  . . . . . . . . . .	Number	 00000002h   
MessageBox . . . . . . . . . . .	Text   	 MessageBoxA
NULL . . . . . . . . . . . . . .	Number	 00000000h   
NUMLOCK_ON . . . . . . . . . . .	Number	 00000020h   
OPEN_ALWAYS  . . . . . . . . . .	Number	 00000004h   
OPEN_EXISTING  . . . . . . . . .	Number	 00000003h   
PeekConsoleInput . . . . . . . .	Text   	 PeekConsoleInputA
RIGHT_ALT_PRESSED  . . . . . . .	Number	 00000001h   
RIGHT_CTRL_PRESSED . . . . . . .	Number	 00000004h   
ReadConsoleInput . . . . . . . .	Text   	 ReadConsoleInputA
ReadConsole  . . . . . . . . . .	Text   	 ReadConsoleA
SCROLLLOCK_ON  . . . . . . . . .	Number	 00000040h   
SHIFT_MASK . . . . . . . . . . .	Number	 00000010h   
SHIFT_PRESSED  . . . . . . . . .	Number	 00000010h   
STD_ERROR_HANDLE . . . . . . . .	Number	 -0000000Ch   
STD_INPUT_HANDLE . . . . . . . .	Number	 -0000000Ah   
STD_OUTPUT_HANDLE  . . . . . . .	Number	 -0000000Bh   
SetConsoleTitle  . . . . . . . .	Text   	 SetConsoleTitleA
TAB  . . . . . . . . . . . . . .	Number	 00000009h   
TRUE . . . . . . . . . . . . . .	Number	 00000001h   
TRUNCATE_EXISTING  . . . . . . .	Number	 00000005h   
VK_11  . . . . . . . . . . . . .	Number	 000000BDh   
VK_12  . . . . . . . . . . . . .	Number	 000000BBh   
VK_ADD . . . . . . . . . . . . .	Number	 0000006Bh   
VK_BACK  . . . . . . . . . . . .	Number	 00000008h   
VK_CANCEL  . . . . . . . . . . .	Number	 00000003h   
VK_CAPITAL . . . . . . . . . . .	Number	 00000014h   
VK_CLEAR . . . . . . . . . . . .	Number	 0000000Ch   
VK_CONTROL . . . . . . . . . . .	Number	 00000011h   
VK_DECIMAL . . . . . . . . . . .	Number	 0000006Eh   
VK_DELETE  . . . . . . . . . . .	Number	 0000002Eh   
VK_DIVIDE  . . . . . . . . . . .	Number	 0000006Fh   
VK_DOWN  . . . . . . . . . . . .	Number	 00000028h   
VK_END . . . . . . . . . . . . .	Number	 00000023h   
VK_ESCAPE  . . . . . . . . . . .	Number	 0000001Bh   
VK_EXECUTE . . . . . . . . . . .	Number	 0000002Bh   
VK_F10 . . . . . . . . . . . . .	Number	 00000079h   
VK_F11 . . . . . . . . . . . . .	Number	 0000007Ah   
VK_F12 . . . . . . . . . . . . .	Number	 0000007Bh   
VK_F13 . . . . . . . . . . . . .	Number	 0000007Ch   
VK_F14 . . . . . . . . . . . . .	Number	 0000007Dh   
VK_F15 . . . . . . . . . . . . .	Number	 0000007Eh   
VK_F16 . . . . . . . . . . . . .	Number	 0000007Fh   
VK_F17 . . . . . . . . . . . . .	Number	 00000080h   
VK_F18 . . . . . . . . . . . . .	Number	 00000081h   
VK_F19 . . . . . . . . . . . . .	Number	 00000082h   
VK_F1  . . . . . . . . . . . . .	Number	 00000070h   
VK_F20 . . . . . . . . . . . . .	Number	 00000083h   
VK_F21 . . . . . . . . . . . . .	Number	 00000084h   
VK_F22 . . . . . . . . . . . . .	Number	 00000085h   
VK_F23 . . . . . . . . . . . . .	Number	 00000086h   
VK_F24 . . . . . . . . . . . . .	Number	 00000087h   
VK_F2  . . . . . . . . . . . . .	Number	 00000071h   
VK_F3  . . . . . . . . . . . . .	Number	 00000072h   
VK_F4  . . . . . . . . . . . . .	Number	 00000073h   
VK_F5  . . . . . . . . . . . . .	Number	 00000074h   
VK_F6  . . . . . . . . . . . . .	Number	 00000075h   
VK_F7  . . . . . . . . . . . . .	Number	 00000076h   
VK_F8  . . . . . . . . . . . . .	Number	 00000077h   
VK_F9  . . . . . . . . . . . . .	Number	 00000078h   
VK_HELP  . . . . . . . . . . . .	Number	 0000002Fh   
VK_HOME  . . . . . . . . . . . .	Number	 00000024h   
VK_INSERT  . . . . . . . . . . .	Number	 0000002Dh   
VK_LBUTTON . . . . . . . . . . .	Number	 00000001h   
VK_LCONTROL  . . . . . . . . . .	Number	 000000A2h   
VK_LEFT  . . . . . . . . . . . .	Number	 00000025h   
VK_LMENU . . . . . . . . . . . .	Number	 000000A4h   
VK_LSHIFT  . . . . . . . . . . .	Number	 000000A0h   
VK_MENU  . . . . . . . . . . . .	Number	 00000012h   
VK_MULTIPLY  . . . . . . . . . .	Number	 0000006Ah   
VK_NEXT  . . . . . . . . . . . .	Number	 00000022h   
VK_NUMLOCK . . . . . . . . . . .	Number	 00000090h   
VK_NUMPAD0 . . . . . . . . . . .	Number	 00000060h   
VK_NUMPAD1 . . . . . . . . . . .	Number	 00000061h   
VK_NUMPAD2 . . . . . . . . . . .	Number	 00000062h   
VK_NUMPAD3 . . . . . . . . . . .	Number	 00000063h   
VK_NUMPAD4 . . . . . . . . . . .	Number	 00000064h   
VK_NUMPAD5 . . . . . . . . . . .	Number	 00000065h   
VK_NUMPAD6 . . . . . . . . . . .	Number	 00000066h   
VK_NUMPAD7 . . . . . . . . . . .	Number	 00000067h   
VK_NUMPAD8 . . . . . . . . . . .	Number	 00000068h   
VK_NUMPAD9 . . . . . . . . . . .	Number	 00000069h   
VK_PAUSE . . . . . . . . . . . .	Number	 00000013h   
VK_PRINT . . . . . . . . . . . .	Number	 0000002Ah   
VK_PRIOR . . . . . . . . . . . .	Number	 00000021h   
VK_RBUTTON . . . . . . . . . . .	Number	 00000002h   
VK_RCONTROL  . . . . . . . . . .	Number	 000000A3h   
VK_RETURN  . . . . . . . . . . .	Number	 0000000Dh   
VK_RIGHT . . . . . . . . . . . .	Number	 00000027h   
VK_RMENU . . . . . . . . . . . .	Number	 000000A5h   
VK_RSHIFT  . . . . . . . . . . .	Number	 000000A1h   
VK_SCROLL  . . . . . . . . . . .	Number	 00000091h   
VK_SEPARATER . . . . . . . . . .	Number	 0000006Ch   
VK_SHIFT . . . . . . . . . . . .	Number	 00000010h   
VK_SNAPSHOT  . . . . . . . . . .	Number	 0000002Ch   
VK_SPACE . . . . . . . . . . . .	Number	 00000020h   
VK_SUBTRACT  . . . . . . . . . .	Number	 0000006Dh   
VK_TAB . . . . . . . . . . . . .	Number	 00000009h   
VK_UP  . . . . . . . . . . . . .	Number	 00000026h   
WINDOW_BUFFER_SIZE_EVENT . . . .	Number	 00000004h   
WriteConsoleOutputCharacter  . .	Text   	 WriteConsoleOutputCharacterA
WriteConsole . . . . . . . . . .	Text   	 WriteConsoleA
black  . . . . . . . . . . . . .	Number	 00000000h   
blue . . . . . . . . . . . . . .	Number	 00000001h   
brown  . . . . . . . . . . . . .	Number	 00000006h   
buffer . . . . . . . . . . . . .	Byte	 0000001F _DATA	
controlChar  . . . . . . . . . .	Byte	 000000E2 _DATA	
ctrlCount  . . . . . . . . . . .	DWord	 0000011A _DATA	
cyan . . . . . . . . . . . . . .	Number	 00000003h   
delCat . . . . . . . . . . . . .	Byte	 000000BA _DATA	
delChar  . . . . . . . . . . . .	Byte	 000000F2 _DATA	
delCount . . . . . . . . . . . .	DWord	 00000122 _DATA	
delLabel . . . . . . . . . . . .	Byte	 0000017F _DATA	
digChar  . . . . . . . . . . . .	Byte	 000000EB _DATA	
digCount . . . . . . . . . . . .	DWord	 0000011E _DATA	
exit . . . . . . . . . . . . . .	Text   	 INVOKE ExitProcess,0
gray . . . . . . . . . . . . . .	Number	 00000008h   
green  . . . . . . . . . . . . .	Number	 00000002h   
lightBlue  . . . . . . . . . . .	Number	 00000009h   
lightCyan  . . . . . . . . . . .	Number	 0000000Bh   
lightGray  . . . . . . . . . . .	Number	 00000007h   
lightGreen . . . . . . . . . . .	Number	 0000000Ah   
lightMagenta . . . . . . . . . .	Number	 0000000Dh   
lightRed . . . . . . . . . . . .	Number	 0000000Ch   
lowChar  . . . . . . . . . . . .	Byte	 000000F7 _DATA	
lowCount . . . . . . . . . . . .	DWord	 00000126 _DATA	
magenta  . . . . . . . . . . . .	Number	 00000005h   
msgControl . . . . . . . . . . .	Byte	 00000132 _DATA	
msgDel . . . . . . . . . . . . .	Byte	 00000145 _DATA	
msgDigit . . . . . . . . . . . .	Byte	 0000013C _DATA	
msgLower . . . . . . . . . . . .	Byte	 0000014B _DATA	
msgPunc  . . . . . . . . . . . .	Byte	 00000157 _DATA	
msgUpper . . . . . . . . . . . .	Byte	 00000165 _DATA	
prompt . . . . . . . . . . . . .	Byte	 00000000 _DATA	
puncChar . . . . . . . . . . . .	Byte	 00000102 _DATA	
puncCount  . . . . . . . . . . .	DWord	 0000012A _DATA	
red  . . . . . . . . . . . . . .	Number	 00000004h   
separator2 . . . . . . . . . . .	Byte	 000000A4 _DATA	
separator  . . . . . . . . . . .	Byte	 000000A0 _DATA	
spaceCat . . . . . . . . . . . .	Byte	 000000AC _DATA	
spaceLabel . . . . . . . . . . .	Byte	 00000171 _DATA	
tabCat . . . . . . . . . . . . .	Byte	 000000B4 _DATA	
tabLabel . . . . . . . . . . . .	Byte	 00000179 _DATA	
totalsTitle  . . . . . . . . . .	Byte	 000000C0 _DATA	
upChar . . . . . . . . . . . . .	Byte	 0000010F _DATA	
upCount  . . . . . . . . . . . .	DWord	 0000012E _DATA	
white  . . . . . . . . . . . . .	Number	 0000000Fh   
wsprintf . . . . . . . . . . . .	Text   	 wsprintfA
yellow . . . . . . . . . . . . .	Number	 0000000Eh   

	   0 Warnings
	   0 Errors
